[debug] [2026-04-17T17:20:55.883Z] ----------------------------------------------------------------------
[debug] [2026-04-17T17:20:55.888Z] Command:       C:\Program Files\nodejs\node.exe C:\Users\Utilisateur\AppData\Roaming\npm\node_modules\firebase-tools\lib\bin\firebase.js deploy --only hosting
[debug] [2026-04-17T17:20:55.888Z] CLI Version:   14.25.1
[debug] [2026-04-17T17:20:55.889Z] Platform:      win32
[debug] [2026-04-17T17:20:55.889Z] Node Version:  v22.17.1
[debug] [2026-04-17T17:20:55.889Z] Time:          Fri Apr 17 2026 13:20:55 GMT-0400 (heure avancée de l’Est)
[debug] [2026-04-17T17:20:55.889Z] ----------------------------------------------------------------------
[debug] 
[debug] [2026-04-17T17:20:56.223Z] > command requires scopes: ["email","openid","https://www.googleapis.com/auth/cloudplatformprojects.readonly","https://www.googleapis.com/auth/firebase","https://www.googleapis.com/auth/cloud-platform"]
[debug] [2026-04-17T17:20:56.224Z] > authorizing via signed-in user (prauvaldes@gmail.com)
[debug] [2026-04-17T17:20:56.225Z] [iam] checking project ets-mmejesus for permissions ["firebase.projects.get","firebasehosting.sites.update"]
[debug] [2026-04-17T17:20:56.227Z] Checked if tokens are valid: true, expires at: 1776449945043
[debug] [2026-04-17T17:20:56.227Z] Checked if tokens are valid: true, expires at: 1776449945043
[debug] [2026-04-17T17:20:56.229Z] >>> [apiv2][query] POST https://cloudresourcemanager.googleapis.com/v1/projects/ets-mmejesus:testIamPermissions [none]
[debug] [2026-04-17T17:20:56.229Z] >>> [apiv2][(partial)header] POST https://cloudresourcemanager.googleapis.com/v1/projects/ets-mmejesus:testIamPermissions x-goog-quota-user=projects/ets-mmejesus
[debug] [2026-04-17T17:20:56.229Z] >>> [apiv2][body] POST https://cloudresourcemanager.googleapis.com/v1/projects/ets-mmejesus:testIamPermissions {"permissions":["firebase.projects.get","firebasehosting.sites.update"]}
[debug] [2026-04-17T17:20:56.594Z] <<< [apiv2][status] POST https://cloudresourcemanager.googleapis.com/v1/projects/ets-mmejesus:testIamPermissions 200
[debug] [2026-04-17T17:20:56.594Z] <<< [apiv2][body] POST https://cloudresourcemanager.googleapis.com/v1/projects/ets-mmejesus:testIamPermissions {"permissions":["firebase.projects.get","firebasehosting.sites.update"]}
[debug] [2026-04-17T17:20:56.595Z] Checked if tokens are valid: true, expires at: 1776449945043
[debug] [2026-04-17T17:20:56.595Z] Checked if tokens are valid: true, expires at: 1776449945043
[debug] [2026-04-17T17:20:56.595Z] >>> [apiv2][query] GET https://firebase.googleapis.com/v1beta1/projects/ets-mmejesus [none]
[debug] [2026-04-17T17:20:56.882Z] <<< [apiv2][status] GET https://firebase.googleapis.com/v1beta1/projects/ets-mmejesus 200
[debug] [2026-04-17T17:20:56.883Z] <<< [apiv2][body] GET https://firebase.googleapis.com/v1beta1/projects/ets-mmejesus {"projectId":"ets-mmejesus","projectNumber":"176632214469","displayName":"ETS-MmeJesus","name":"projects/ets-mmejesus","resources":{"hostingSite":"ets-mmejesus"},"state":"ACTIVE","etag":"1_1feaf7c6-b257-4c90-9286-545ec0b38449"}
[debug] [2026-04-17T17:21:00.611Z] Checked if tokens are valid: true, expires at: 1776449945043
[debug] [2026-04-17T17:21:00.611Z] Checked if tokens are valid: true, expires at: 1776449945043
[debug] [2026-04-17T17:21:00.612Z] >>> [apiv2][query] GET https://firebasehosting.googleapis.com/v1beta1/projects/ets-mmejesus/sites pageToken=&pageSize=10
[debug] [2026-04-17T17:21:01.215Z] <<< [apiv2][status] GET https://firebasehosting.googleapis.com/v1beta1/projects/ets-mmejesus/sites 200
[debug] [2026-04-17T17:21:01.215Z] <<< [apiv2][body] GET https://firebasehosting.googleapis.com/v1beta1/projects/ets-mmejesus/sites {"sites":[{"name":"projects/ets-mmejesus/sites/ets-mmejesus","defaultUrl":"https://ets-mmejesus.web.app","appId":"1:176632214469:web:cdd4cad952ab60876ad1ac","type":"DEFAULT_SITE"}]}
[debug] [2026-04-17T17:21:01.215Z] Checked if tokens are valid: true, expires at: 1776449945043
[debug] [2026-04-17T17:21:01.215Z] Checked if tokens are valid: true, expires at: 1776449945043
[debug] [2026-04-17T17:21:01.216Z] >>> [apiv2][query] GET https://firebase.googleapis.com/v1beta1/projects/-/webApps/1:176632214469:web:cdd4cad952ab60876ad1ac/config [none]
[debug] [2026-04-17T17:21:01.555Z] <<< [apiv2][status] GET https://firebase.googleapis.com/v1beta1/projects/-/webApps/1:176632214469:web:cdd4cad952ab60876ad1ac/config 200
[debug] [2026-04-17T17:21:01.556Z] <<< [apiv2][body] GET https://firebase.googleapis.com/v1beta1/projects/-/webApps/1:176632214469:web:cdd4cad952ab60876ad1ac/config {"projectId":"ets-mmejesus","appId":"1:176632214469:web:cdd4cad952ab60876ad1ac","storageBucket":"ets-mmejesus.firebasestorage.app","apiKey":"AIzaSyClWYcEBnscqeBk-NvIIGiWyXBvd9RFpWo","authDomain":"ets-mmejesus.firebaseapp.com","messagingSenderId":"176632214469","measurementId":"G-WLD70FR975","projectNumber":"176632214469","version":"2"}
[info] 
   Thank you for trying our early preview of Next.js support on Firebase Hosting.
   During the preview, support is best-effort and breaking changes can be expected. Proceed with caution.
   The integration is known to work with Next.js version 12 - 15.0. You may encounter errors.

   Documentation: https://firebase.google.com/docs/hosting/frameworks/nextjs
   File a bug: https://github.com/firebase/firebase-tools/issues/new?template=bug_report.md
   Submit a feature request: https://github.com/firebase/firebase-tools/issues/new?template=feature_request.md

   We'd love to learn from you. Express your interest in helping us shape the future of Firebase Hosting: https://goo.gle/41enW5X

[debug] [2026-04-17T17:21:08.019Z] Checked if tokens are valid: true, expires at: 1776449945043
[debug] [2026-04-17T17:21:08.019Z] Checked if tokens are valid: true, expires at: 1776449945043
[debug] [2026-04-17T17:21:08.020Z] >>> [apiv2][query] GET https://firebasehosting.googleapis.com/v1beta1/projects/ets-mmejesus/sites/ets-mmejesus [none]
[debug] [2026-04-17T17:21:08.512Z] <<< [apiv2][status] GET https://firebasehosting.googleapis.com/v1beta1/projects/ets-mmejesus/sites/ets-mmejesus 200
[debug] [2026-04-17T17:21:08.513Z] <<< [apiv2][body] GET https://firebasehosting.googleapis.com/v1beta1/projects/ets-mmejesus/sites/ets-mmejesus {"name":"projects/ets-mmejesus/sites/ets-mmejesus","defaultUrl":"https://ets-mmejesus.web.app","appId":"1:176632214469:web:cdd4cad952ab60876ad1ac","type":"DEFAULT_SITE"}
[info] ⚠ Warning: Next.js inferred your workspace root, but it may not be correct.
 We detected multiple lockfiles and selected the directory of C:\Users\Utilisateur\package-lock.json as the root directory.
 To silence this warning, set `turbopack.root` in your Next.js config, or consider removing one of the lockfiles if it's not needed.
   See https://nextjs.org/docs/app/api-reference/config/next-config-js/turbopack#root-directory for more information.
 Detected additional lockfiles: 
   * C:\Users\Utilisateur\ets-mme-jesus\package-lock.json


[info] ▲ Next.js 16.2.4 (Turbopack)

[info] - Environments: .env.local


[info]   Creating an optimized production build ...

[info] ✓ Compiled successfully in 14.5s

[info]   Running TypeScript ...

[info]   Finished TypeScript in 12.4s ...

[info]   Collecting page data using 7 workers ...

[info]   Generating static pages using 7 workers (0/20) ...

[info]   Generating static pages using 7 workers (5/20) 

[info]   Generating static pages using 7 workers (10/20) 

[info]   Generating static pages using 7 workers (15/20) 

[info] ✓ Generating static pages using 7 workers (20/20) in 1185ms

[info]   Finalizing page optimization ...

[info] 

[info] Route (app)
┌ ○ /
├ ○ /_not-found
├ ○ /a-propos
├ ○ /admin
├ ƒ /api/ai-assist
├ ƒ /api/contact
├ ƒ /api/payments/initialize
├ ƒ /api/payments/webhook
├ ƒ /api/whatsapp/share
├ ○ /contact
├ ○ /creer-faire-part
├ ○ /faire-part
├ ƒ /faire-part/[slug]
├ ƒ /faire-part/[slug]/gerer
├ ƒ /faire-part/-/opengraph-image
├ ○ /guide-demarches
├ ○ /mentions-legales
├ ○ /politique-confidentialite
├ ○ /realisations
├ ○ /services
└ ○ /simulateur


[info] 
○  (Static)   prerendered as static content
ƒ  (Dynamic)  server-rendered on demand


[info] Building a Cloud Function to run this application. This is needed due to:
[info]  • non-static component /api/ai-assist/route
[info]  • non-static component /api/contact/route
[info]  • non-static component /api/payments/initialize/route
[info]  • non-static component /api/payments/webhook/route
[info]  • non-static component /api/whatsapp/share/route
[debug] [2026-04-17T17:21:40.848Z]  • non-static component /faire-part/[slug]/gerer/page
[debug] [2026-04-17T17:21:40.848Z]  • non-static component /faire-part/[slug]/opengraph-image/route
[debug] [2026-04-17T17:21:40.848Z]  • non-static component /faire-part/[slug]/page
[info]  • and 3 other reasons, use --debug to see more
[info] 
[debug] [2026-04-17T17:21:41.523Z] Checked if tokens are valid: true, expires at: 1776449945043
[debug] [2026-04-17T17:21:41.524Z] Checked if tokens are valid: true, expires at: 1776449945043
[debug] [2026-04-17T17:21:41.524Z] >>> [apiv2][query] GET https://firebasehosting.googleapis.com/v1beta1/projects/ets-mmejesus/sites/ets-mmejesus [none]
[debug] [2026-04-17T17:21:42.048Z] <<< [apiv2][status] GET https://firebasehosting.googleapis.com/v1beta1/projects/ets-mmejesus/sites/ets-mmejesus 200
[debug] [2026-04-17T17:21:42.048Z] <<< [apiv2][body] GET https://firebasehosting.googleapis.com/v1beta1/projects/ets-mmejesus/sites/ets-mmejesus {"name":"projects/ets-mmejesus/sites/ets-mmejesus","defaultUrl":"https://ets-mmejesus.web.app","appId":"1:176632214469:web:cdd4cad952ab60876ad1ac","type":"DEFAULT_SITE"}
[debug] [2026-04-17T17:21:45.829Z] Error: ENOENT: no such file or directory, lstat 'C:\Users\Utilisateur\ets-mme-jesus\.next\dev\cache\turbopack\2275bd85\00004055.meta'
